<?xml version="1.0" encoding="UTF-8"?>
<testng-results skipped="0" failed="1" total="2" passed="1">
  <reporter-output>
  </reporter-output>
  <suite name="Default suite" duration-ms="111941" started-at="2017-12-25T17:12:13Z" finished-at="2017-12-25T17:14:05Z">
    <groups>
    </groups>
    <test name="Default test" duration-ms="111941" started-at="2017-12-25T17:12:13Z" finished-at="2017-12-25T17:14:05Z">
      <class name="Scenario_search.scenario_class">
        <test-method status="PASS" signature="TestInvalidSerch(java.util.Map)[pri:0, instance:Scenario_search.scenario_class@78d6c6]" name="TestInvalidSerch" duration-ms="55830" started-at="2017-12-25T22:42:13Z" data-provider="dp_Invalidsearch" finished-at="2017-12-25T22:43:09Z">
          <params>
            <param index="0">
              <value>
                <![CDATA[{Order_Set=1.0, Exp_Result=Sorry! There are no products to display., Search_Item=###, TC_ID=GB_01, Script_name=Invalid_Search, Execute_Flag=Y}]]>
              </value>
            </param>
          </params>
          <reporter-output>
          </reporter-output>
        </test-method> <!-- TestInvalidSerch -->
        <test-method status="FAIL" signature="TestValidSerch(java.util.Map)[pri:0, instance:Scenario_search.scenario_class@78d6c6]" name="TestValidSerch" duration-ms="55756" started-at="2017-12-25T22:43:09Z" data-provider="dp_Validsearch" finished-at="2017-12-25T22:44:05Z">
          <params>
            <param index="0">
              <value>
                <![CDATA[{Order_Set=1.0, Exp_Result=14.0, Search_Item=Johnson powder, TC_ID=GB_04, Script_name=Valid_Search, Execute_Flag=Y}]]>
              </value>
            </param>
          </params>
          <exception class="java.lang.AssertionError">
            <message>
              <![CDATA[The following asserts failed:
null]]>
            </message>
            <full-stacktrace>
              <![CDATA[java.lang.AssertionError: The following asserts failed:
null
	at org.testng.asserts.SoftAssert.assertAll(SoftAssert.java:37)
	at Scenario_search.scenario_class.TestValidSerch(scenario_class.java:91)
	at sun.reflect.NativeMethodAccessorImpl.invoke0(Native Method)
	at sun.reflect.NativeMethodAccessorImpl.invoke(NativeMethodAccessorImpl.java:57)
	at sun.reflect.DelegatingMethodAccessorImpl.invoke(DelegatingMethodAccessorImpl.java:43)
	at java.lang.reflect.Method.invoke(Method.java:606)
	at org.testng.internal.MethodInvocationHelper.invokeMethod(MethodInvocationHelper.java:80)
	at org.testng.internal.Invoker.invokeMethod(Invoker.java:714)
	at org.testng.internal.Invoker.invokeTestMethod(Invoker.java:901)
	at org.testng.internal.Invoker.invokeTestMethods(Invoker.java:1231)
	at org.testng.internal.TestMethodWorker.invokeTestMethods(TestMethodWorker.java:127)
	at org.testng.internal.TestMethodWorker.run(TestMethodWorker.java:111)
	at org.testng.TestRunner.privateRun(TestRunner.java:767)
	at org.testng.TestRunner.run(TestRunner.java:617)
	at org.testng.SuiteRunner.runTest(SuiteRunner.java:334)
	at org.testng.SuiteRunner.runSequentially(SuiteRunner.java:329)
	at org.testng.SuiteRunner.privateRun(SuiteRunner.java:291)
	at org.testng.SuiteRunner.run(SuiteRunner.java:240)
	at org.testng.SuiteRunnerWorker.runSuite(SuiteRunnerWorker.java:52)
	at org.testng.SuiteRunnerWorker.run(SuiteRunnerWorker.java:86)
	at org.testng.TestNG.runSuitesSequentially(TestNG.java:1198)
	at org.testng.TestNG.runSuitesLocally(TestNG.java:1123)
	at org.testng.TestNG.run(TestNG.java:1031)
	at org.testng.remote.AbstractRemoteTestNG.run(AbstractRemoteTestNG.java:132)
	at org.testng.remote.RemoteTestNG.initAndRun(RemoteTestNG.java:236)
	at org.testng.remote.RemoteTestNG.main(RemoteTestNG.java:81)
]]>
            </full-stacktrace>
          </exception> <!-- java.lang.AssertionError -->
          <reporter-output>
          </reporter-output>
        </test-method> <!-- TestValidSerch -->
      </class> <!-- Scenario_search.scenario_class -->
    </test> <!-- Default test -->
  </suite> <!-- Default suite -->
</testng-results>
